Using pre-set license
Built from '2021.3/staging' branch; Version is '2021.3.6f1 (7da38d85baf6) revision 8233869'; Using compiler version '192829333'; Build Type 'Release'
OS: 'Windows 11  (10.0.22000) 64bit CoreCountrySpecific' Language: 'zh' Physical Memory: 16236 MB
BatchMode: 1, IsHumanControllingUs: 0, StartBugReporterOnCrash: 0, Is64bit: 1, IsPro: 1

COMMAND LINE ARGUMENTS:
D:\LenovoSoftstore\Install\Unity\2021.3.6f1\Editor\Unity.exe
-adb2
-batchMode
-noUpm
-name
AssetImportWorker2
-projectPath
D:/HCI/semester4/UnityVR/UnityProjekt22-THIS_IS_OUR_MAIN_NOW/UnityProjekt22-THIS_IS_OUR_MAIN_NOW
-logFile
Logs/AssetImportWorker2.log
-srvPort
63360
Successfully changed project path to: D:/HCI/semester4/UnityVR/UnityProjekt22-THIS_IS_OUR_MAIN_NOW/UnityProjekt22-THIS_IS_OUR_MAIN_NOW
D:/HCI/semester4/UnityVR/UnityProjekt22-THIS_IS_OUR_MAIN_NOW/UnityProjekt22-THIS_IS_OUR_MAIN_NOW
[UnityMemory] Configuration Parameters - Can be set up in boot.config
    "memorysetup-bucket-allocator-granularity=16"
    "memorysetup-bucket-allocator-bucket-count=8"
    "memorysetup-bucket-allocator-block-size=33554432"
    "memorysetup-bucket-allocator-block-count=8"
    "memorysetup-main-allocator-block-size=16777216"
    "memorysetup-thread-allocator-block-size=16777216"
    "memorysetup-gfx-main-allocator-block-size=16777216"
    "memorysetup-gfx-thread-allocator-block-size=16777216"
    "memorysetup-cache-allocator-block-size=4194304"
    "memorysetup-typetree-allocator-block-size=2097152"
    "memorysetup-profiler-bucket-allocator-granularity=16"
    "memorysetup-profiler-bucket-allocator-bucket-count=8"
    "memorysetup-profiler-bucket-allocator-block-size=33554432"
    "memorysetup-profiler-bucket-allocator-block-count=8"
    "memorysetup-profiler-allocator-block-size=16777216"
    "memorysetup-profiler-editor-allocator-block-size=1048576"
    "memorysetup-temp-allocator-size-main=16777216"
    "memorysetup-job-temp-allocator-block-size=2097152"
    "memorysetup-job-temp-allocator-block-size-background=1048576"
    "memorysetup-job-temp-allocator-reduction-small-platforms=262144"
    "memorysetup-temp-allocator-size-background-worker=32768"
    "memorysetup-temp-allocator-size-job-worker=262144"
    "memorysetup-temp-allocator-size-preload-manager=33554432"
    "memorysetup-temp-allocator-size-nav-mesh-worker=65536"
    "memorysetup-temp-allocator-size-audio-worker=65536"
    "memorysetup-temp-allocator-size-cloud-worker=32768"
    "memorysetup-temp-allocator-size-gi-baking-worker=262144"
    "memorysetup-temp-allocator-size-gfx=262144"
Refreshing native plugins compatible for Editor in 121.01 ms, found 16 plugins.
Preloading 1 native plugins for Editor in 4.98 ms.
Initialize engine version: 2021.3.6f1 (7da38d85baf6)
[Subsystems] Discovering subsystems at path D:/LenovoSoftstore/Install/Unity/2021.3.6f1/Editor/Data/Resources/UnitySubsystems
[Subsystems] Discovering subsystems at path D:/HCI/semester4/UnityVR/UnityProjekt22-THIS_IS_OUR_MAIN_NOW/UnityProjekt22-THIS_IS_OUR_MAIN_NOW/Assets
GfxDevice: creating device client; threaded=0; jobified=0
Direct3D:
    Version:  Direct3D 11.0 [level 11.1]
    Renderer: NVIDIA GeForce RTX 3050 Laptop GPU (ID=0x25e2)
    Vendor:   NVIDIA
    VRAM:     3991 MB
    Driver:   30.0.15.1236
Initialize mono
Mono path[0] = 'D:/LenovoSoftstore/Install/Unity/2021.3.6f1/Editor/Data/Managed'
Mono path[1] = 'D:/LenovoSoftstore/Install/Unity/2021.3.6f1/Editor/Data/MonoBleedingEdge/lib/mono/unityjit-win32'
Mono config path = 'D:/LenovoSoftstore/Install/Unity/2021.3.6f1/Editor/Data/MonoBleedingEdge/etc'
Using monoOptions --debugger-agent=transport=dt_socket,embedding=1,server=y,suspend=n,address=127.0.0.1:56936
Begin MonoManager ReloadAssembly
Registering precompiled unity dll's ...
Register platform support module: D:/LenovoSoftstore/Install/Unity/2021.3.6f1/Editor/Data/PlaybackEngines/AndroidPlayer/UnityEditor.Android.Extensions.dll
Register platform support module: D:/LenovoSoftstore/Install/Unity/2021.3.6f1/Editor/Data/PlaybackEngines/WindowsStandaloneSupport/UnityEditor.WindowsStandalone.Extensions.dll
Register platform support module: D:/LenovoSoftstore/Install/Unity/2021.3.6f1/Editor/Data/PlaybackEngines/MetroSupport/UnityEditor.UWP.Extensions.dll
Registered in 0.002881 seconds.
Native extension for UWP target not found
Native extension for WindowsStandalone target not found
Native extension for Android target not found
Refreshing native plugins compatible for Editor in 87.83 ms, found 16 plugins.
Preloading 1 native plugins for Editor in 0.08 ms.
Mono: successfully reloaded assembly
- Completed reload, in  0.675 seconds
Domain Reload Profiling:
	ReloadAssembly (676ms)
		BeginReloadAssembly (107ms)
			ExecutionOrderSort (0ms)
			DisableScriptedObjects (0ms)
			BackupInstance (0ms)
			ReleaseScriptingObjects (0ms)
			CreateAndSetChildDomain (1ms)
		EndReloadAssembly (468ms)
			LoadAssemblies (108ms)
			RebuildTransferFunctionScriptingTraits (0ms)
			SetupTypeCache (106ms)
			ReleaseScriptCaches (0ms)
			RebuildScriptCaches (27ms)
			SetupLoadedEditorAssemblies (286ms)
				LogAssemblyErrors (0ms)
				InitializePlatformSupportModulesInManaged (54ms)
				SetLoadedEditorAssemblies (0ms)
				RefreshPlugins (88ms)
				BeforeProcessingInitializeOnLoad (1ms)
				ProcessInitializeOnLoadAttributes (95ms)
				ProcessInitializeOnLoadMethodAttributes (47ms)
				AfterProcessingInitializeOnLoad (0ms)
				EditorAssembliesLoaded (0ms)
			ExecutionOrderSort2 (0ms)
			AwakeInstancesAfterBackupRestoration (0ms)
Platform modules already initialized, skipping
Registering precompiled user dll's ...
Registered in 0.015336 seconds.
Begin MonoManager ReloadAssembly
Symbol file LoadedFromMemory doesn't match image D:\HCI\semester4\UnityVR\UnityProjekt22-THIS_IS_OUR_MAIN_NOW\UnityProjekt22-THIS_IS_OUR_MAIN_NOW\Library\PackageCache\com.unity.visualscripting@1.7.8\Editor\VisualScripting.Core\Dependencies\DotNetZip\Unity.VisualScripting.IonicZip.dll
Symbol file LoadedFromMemory doesn't match image D:\HCI\semester4\UnityVR\UnityProjekt22-THIS_IS_OUR_MAIN_NOW\UnityProjekt22-THIS_IS_OUR_MAIN_NOW\Library\PackageCache\com.unity.visualscripting@1.7.8\Editor\VisualScripting.Core\Dependencies\YamlDotNet\Unity.VisualScripting.YamlDotNet.dll
Native extension for UWP target not found
Native extension for WindowsStandalone target not found
Native extension for Android target not found
Refreshing native plugins compatible for Editor in 91.39 ms, found 16 plugins.
Preloading 1 native plugins for Editor in 0.07 ms.
Package Manager log level set to [2]
System.Reflection.TargetInvocationException: Exception has been thrown by the target of an invocation. ---> System.NullReferenceException: Object reference not set to an instance of an object
  at Unity.XR.Oculus.OculusLoader.AssetPathToAbsolutePath (System.String assetPath) [0x0003d] in D:\HCI\semester4\UnityVR\UnityProjekt22-THIS_IS_OUR_MAIN_NOW\UnityProjekt22-THIS_IS_OUR_MAIN_NOW\Library\PackageCache\com.unity.xr.oculus@3.0.2\Runtime\OculusLoader.cs:271 
  at Unity.XR.Oculus.OculusLoader.EditorLoadOVRPlugin () [0x0007b] in D:\HCI\semester4\UnityVR\UnityProjekt22-THIS_IS_OUR_MAIN_NOW\UnityProjekt22-THIS_IS_OUR_MAIN_NOW\Library\PackageCache\com.unity.xr.oculus@3.0.2\Runtime\OculusLoader.cs:256 
  at (wrapper managed-to-native) System.Reflection.RuntimeMethodInfo.InternalInvoke(System.Reflection.RuntimeMethodInfo,object,object[],System.Exception&)
  at System.Reflection.RuntimeMethodInfo.Invoke (System.Object obj, System.Reflection.BindingFlags invokeAttr, System.Reflection.Binder binder, System.Object[] parameters, System.Globalization.CultureInfo culture) [0x0006a] in <e40e5a8f982c4b618a930d29f9bd091c>:0 
   --- End of inner exception stack trace ---
  at System.Reflection.RuntimeMethodInfo.Invoke (System.Object obj, System.Reflection.BindingFlags invokeAttr, System.Reflection.Binder binder, System.Object[] parameters, System.Globalization.CultureInfo culture) [0x00083] in <e40e5a8f982c4b618a930d29f9bd091c>:0 
  at System.Reflection.MethodBase.Invoke (System.Object obj, System.Object[] parameters) [0x00000] in <e40e5a8f982c4b618a930d29f9bd091c>:0 
  at UnityEditor.EditorAssemblies.ProcessInitializeOnLoadMethodAttributes () [0x000a5] in <44a70d1b13cf47e29810e30f45ffae08>:0 
UnityEngine.StackTraceUtility:ExtractStackTrace ()
UnityEngine.DebugLogHandler:LogFormat (UnityEngine.LogType,UnityEngine.Object,string,object[])
UnityEngine.Logger:Log (UnityEngine.LogType,object)
UnityEngine.Debug:LogError (object)
UnityEditor.EditorAssemblies:ProcessInitializeOnLoadMethodAttributes ()

Mono: successfully reloaded assembly
- Completed reload, in  1.379 seconds
Domain Reload Profiling:
	ReloadAssembly (1380ms)
		BeginReloadAssembly (252ms)
			ExecutionOrderSort (0ms)
			DisableScriptedObjects (6ms)
			BackupInstance (0ms)
			ReleaseScriptingObjects (0ms)
			CreateAndSetChildDomain (127ms)
		EndReloadAssembly (1021ms)
			LoadAssemblies (145ms)
			RebuildTransferFunctionScriptingTraits (0ms)
			SetupTypeCache (277ms)
			ReleaseScriptCaches (1ms)
			RebuildScriptCaches (56ms)
			SetupLoadedEditorAssemblies (539ms)
				LogAssemblyErrors (0ms)
				InitializePlatformSupportModulesInManaged (12ms)
				SetLoadedEditorAssemblies (0ms)
				RefreshPlugins (92ms)
				BeforeProcessingInitializeOnLoad (90ms)
				ProcessInitializeOnLoadAttributes (307ms)
				ProcessInitializeOnLoadMethodAttributes (35ms)
				AfterProcessingInitializeOnLoad (2ms)
				EditorAssembliesLoaded (0ms)
			ExecutionOrderSort2 (0ms)
			AwakeInstancesAfterBackupRestoration (11ms)
Platform modules already initialized, skipping
========================================================================
Worker process is ready to serve import requests
Launched and connected shader compiler UnityShaderCompiler.exe after 0.06 seconds
Refreshing native plugins compatible for Editor in 2.78 ms, found 16 plugins.
Preloading 1 native plugins for Editor in 9.24 ms.
Unloading 4405 Unused Serialized files (Serialized files now loaded: 0)
Unloading 64 unused Assets / (1.3 MB). Loaded Objects now: 4843.
Memory consumption went from 166.4 MB to 165.1 MB.
Total: 7.074300 ms (FindLiveObjects: 0.676600 ms CreateObjectMapping: 0.230900 ms MarkObjects: 5.579500 ms  DeleteObjects: 0.585800 ms)

AssetImportParameters requested are different than current active one (requested -> active):
  custom:video-decoder-ogg-theora: a1e56fd34408186e4bbccfd4996cb3dc -> 
  custom:container-muxer-webm: aa71ff27fc2769a1b78a27578f13a17b -> 
  custom:container-demuxer-webm: 4f35f7cbe854078d1ac9338744f61a02 -> 
  custom:video-encoder-webm-vp8: eb34c28f22e8b96e1ab97ce403110664 -> 
  custom:video-codec-MediaFoundation-h265: 746d11721c4dcdbdad8f713fa42b33f4 -> 
  custom:audio-encoder-webm-vorbis: bf7c407c2cedff20999df2af8eb42d56 -> 
  custom:framework-win-MediaFoundation: 216162199b28c13a410421893ffa2e32 -> 
  custom:container-demuxer-ogg: 62fdf1f143b41e24485cea50d1cbac27 -> 
  custom:video-decoder-webm-vp8: 9c59270c3fd7afecdb556c50c9e8de78 -> 
  custom:audio-decoder-ogg-vorbis: bf7c407c2cedff20999df2af8eb42d56 -> 
========================================================================
Received Import Request.
  Time since last request: 3350055.544041 seconds.
  path: Assets/SteamVR/SteamVR.asmdef
  artifactKey: Guid(1fbf338ef6b952a448262a7ff7df5fe4) Importer(815301076,1909f56bfc062723c751e8b465ee728b)
Start importing Assets/SteamVR/SteamVR.asmdef using Guid(1fbf338ef6b952a448262a7ff7df5fe4) Importer(815301076,1909f56bfc062723c751e8b465ee728b)  -> (artifact id: 'f337982d37fe83e867f654b00419b3db') in 0.030236 seconds 
========================================================================
Received Import Request.
  Time since last request: 1.987883 seconds.
  path: Assets/TextMesh Pro/Examples & Extras/Resources/Fonts & Materials/Anton SDF - Drop Shadow.mat
  artifactKey: Guid(749b9069dc4742c5bfa5c74644049926) Importer(815301076,1909f56bfc062723c751e8b465ee728b)
Start importing Assets/TextMesh Pro/Examples & Extras/Resources/Fonts & Materials/Anton SDF - Drop Shadow.mat using Guid(749b9069dc4742c5bfa5c74644049926) Importer(815301076,1909f56bfc062723c751e8b465ee728b)  -> (artifact id: 'a87ef09396bc0454d5bdb68395f257dd') in 0.221277 seconds 
========================================================================
Received Import Request.
  Time since last request: 0.000020 seconds.
  path: Assets/SteamVR/InteractionSystem/Longbow/Sounds/ArrowHit01.wav
  artifactKey: Guid(74068c08db651d34f81de9affa61f55d) Importer(815301076,1909f56bfc062723c751e8b465ee728b)
Start importing Assets/SteamVR/InteractionSystem/Longbow/Sounds/ArrowHit01.wav using Guid(74068c08db651d34f81de9affa61f55d) Importer(815301076,1909f56bfc062723c751e8b465ee728b)  -> (artifact id: '94c3d5d26ab67c35ef0ee3fcf57af368') in 0.097973 seconds 
========================================================================
Received Import Request.
  Time since last request: 0.000025 seconds.
  path: Assets/SteamVR/InteractionSystem/Samples/Textures/estimatedOnHand.png
  artifactKey: Guid(067a2cc023f3e0648a62c0649afe7ecf) Importer(815301076,1909f56bfc062723c751e8b465ee728b)
Start importing Assets/SteamVR/InteractionSystem/Samples/Textures/estimatedOnHand.png using Guid(067a2cc023f3e0648a62c0649afe7ecf) Importer(815301076,1909f56bfc062723c751e8b465ee728b)  -> (artifact id: '28ad5195cefaf9d0409d065691d651d6') in 0.034483 seconds 
========================================================================
Received Import Request.
  Time since last request: 0.000018 seconds.
  path: Assets/SteamVR/Input/Editor/Resources/Icons/HandLeftIcon.png
  artifactKey: Guid(1e898a11a01f33d4a80b04e98158023a) Importer(815301076,1909f56bfc062723c751e8b465ee728b)
Start importing Assets/SteamVR/Input/Editor/Resources/Icons/HandLeftIcon.png using Guid(1e898a11a01f33d4a80b04e98158023a) Importer(815301076,1909f56bfc062723c751e8b465ee728b)  -> (artifact id: 'f9a88a82ca7da891ee31cd7ff045984c') in 0.011596 seconds 
========================================================================
Received Import Request.
  Time since last request: 0.000021 seconds.
  path: Assets/TextMesh Pro/Examples & Extras/Resources/Fonts & Materials/Bangers SDF - Drop Shadow.mat
  artifactKey: Guid(f2dcf029949142e28b974630369c8b4e) Importer(815301076,1909f56bfc062723c751e8b465ee728b)
Start importing Assets/TextMesh Pro/Examples & Extras/Resources/Fonts & Materials/Bangers SDF - Drop Shadow.mat using Guid(f2dcf029949142e28b974630369c8b4e) Importer(815301076,1909f56bfc062723c751e8b465ee728b)  -> (artifact id: 'b059e1bf0cf93b647864d179da7a3cdb') in 0.009173 seconds 
========================================================================
Received Import Request.
  Time since last request: 0.000023 seconds.
  path: Assets/SteamVR/InteractionSystem/Longbow/Sounds/ArrowHit02.wav
  artifactKey: Guid(0e220b97baa73db4fab6fba879e1b024) Importer(815301076,1909f56bfc062723c751e8b465ee728b)
Start importing Assets/SteamVR/InteractionSystem/Longbow/Sounds/ArrowHit02.wav using Guid(0e220b97baa73db4fab6fba879e1b024) Importer(815301076,1909f56bfc062723c751e8b465ee728b)  -> (artifact id: '18e462ce5a47ee390438431380cb911d') in 0.008416 seconds 
========================================================================
Received Import Request.
  Time since last request: 0.000025 seconds.
  path: Assets/SteamVR/InteractionSystem/Longbow/Prefabs/ArrowHand.prefab
  artifactKey: Guid(d410d7126dd411c4ea651fc94eae9202) Importer(815301076,1909f56bfc062723c751e8b465ee728b)
Start importing Assets/SteamVR/InteractionSystem/Longbow/Prefabs/ArrowHand.prefab using Guid(d410d7126dd411c4ea651fc94eae9202) Importer(815301076,1909f56bfc062723c751e8b465ee728b)  -> (artifact id: '73864ccfb65873dc76f1d4ef44467d22') in 0.269794 seconds 
========================================================================
Received Import Request.
  Time since last request: 0.046498 seconds.
  path: Assets/SteamVR/Input/Editor/Resources/Icons/handmask_Index.png
  artifactKey: Guid(2c4294febb4dfe54d98c37083da7a639) Importer(815301076,1909f56bfc062723c751e8b465ee728b)
Start importing Assets/SteamVR/Input/Editor/Resources/Icons/handmask_Index.png using Guid(2c4294febb4dfe54d98c37083da7a639) Importer(815301076,1909f56bfc062723c751e8b465ee728b)  -> (artifact id: 'c4663d9193543e73a0300d85555b0bce') in 0.008753 seconds 
========================================================================
Received Import Request.
  Time since last request: 0.000018 seconds.
  path: Assets/SteamVR/Models/Materials/models_hands_vr_glove.vmat.mat
  artifactKey: Guid(fad1eadf5b103e94ebbe02490afe0503) Importer(815301076,1909f56bfc062723c751e8b465ee728b)
Start importing Assets/SteamVR/Models/Materials/models_hands_vr_glove.vmat.mat using Guid(fad1eadf5b103e94ebbe02490afe0503) Importer(815301076,1909f56bfc062723c751e8b465ee728b)  -> (artifact id: 'a610354d639a32ba6316b944e6586077') in 0.023477 seconds 
========================================================================
Received Import Request.
  Time since last request: 0.000017 seconds.
  path: Assets/SteamVR/InteractionSystem/Samples/Materials/ShinyWhiteHighlightedHand.mat
  artifactKey: Guid(01e070cb2f8dde54b88866d7a3896d64) Importer(815301076,1909f56bfc062723c751e8b465ee728b)
Start importing Assets/SteamVR/InteractionSystem/Samples/Materials/ShinyWhiteHighlightedHand.mat using Guid(01e070cb2f8dde54b88866d7a3896d64) Importer(815301076,1909f56bfc062723c751e8b465ee728b)  -> (artifact id: 'dc2763b804cbd13fb353662f879ed086') in 0.010692 seconds 
========================================================================
Received Import Request.
  Time since last request: 0.000022 seconds.
  path: Assets/SteamVR/Input/Editor/Resources/Icons/handmask_Ring.png
  artifactKey: Guid(c3b3083cc66322049822d98fa4c15fd6) Importer(815301076,1909f56bfc062723c751e8b465ee728b)
Start importing Assets/SteamVR/Input/Editor/Resources/Icons/handmask_Ring.png using Guid(c3b3083cc66322049822d98fa4c15fd6) Importer(815301076,1909f56bfc062723c751e8b465ee728b)  -> (artifact id: '5fe632818af58f6d7b073e49437937dc') in 0.008192 seconds 
========================================================================
Received Import Request.
  Time since last request: 0.000025 seconds.
  path: Assets/SteamVR/Input/Editor/Resources/Icons/handmask_Thumb.png
  artifactKey: Guid(764dada5864e19440bb07e24e684e950) Importer(815301076,1909f56bfc062723c751e8b465ee728b)
Start importing Assets/SteamVR/Input/Editor/Resources/Icons/handmask_Thumb.png using Guid(764dada5864e19440bb07e24e684e950) Importer(815301076,1909f56bfc062723c751e8b465ee728b)  -> (artifact id: '6fc35bef4764163c8d712cfef7ae5ecd') in 0.009546 seconds 
Editor requested this worker to shutdown with reason: Scaling down because of idle timeout
AssetImportWorker is now disconnected from the server
Process exiting
Exiting without the bug reporter. Application will terminate with return code 0